<?xml version="1.0" encoding="UTF-8"?>
<!-- Generated by org.testng.reporters.JUnitXMLReporter -->
<testsuite hostname="DESKTOP-819O6GE" name="WebDriverTest" tests="1" failures="0" timestamp="20 Mar 2019 07:27:24 GMT" time="268.204" errors="0">
  <testcase name="@BeforeClass setUp" time="0.0" classname="RegressionTest.DataProviderWithExcel_all">
    <failure type="org.testng.TestNGException" message="
Parameter &amp;apos;browser&amp;apos; is required by @Configuration on method setUp but has not been marked @Optional or defined
in C:\Users\ZTE_testing\.IdeaIC2018.3\system\temp-testng-customsuite.xml">
      <![CDATA[org.testng.TestNGException: 
Parameter 'browser' is required by @Configuration on method setUp but has not been marked @Optional or defined
in C:\Users\ZTE_testing\.IdeaIC2018.3\system\temp-testng-customsuite.xml
... Removed 20 stack frames]]>
    </failure>
  </testcase> <!-- @BeforeClass setUp -->
  <testcase name="@AfterClass tearDown" time="0.0" classname="RegressionTest.DataProviderWithExcel_all">
    <failure type="java.lang.NullPointerException">
      <![CDATA[java.lang.NullPointerException
	at java.util.Objects.requireNonNull(Objects.java:203)
	at org.openqa.selenium.interactions.Actions.<init>(Actions.java:65)
	at utilities.mouseOver_Test.A001_mouseover(mouseOver_Test.java:13)
	at utilities.loginAdmin001.Z1000_logout(loginAdmin001.java:47)
	at RegressionTest.DataProviderWithExcel_all.tearDown(DataProviderWithExcel_all.java:250)
... Removed 23 stack frames]]>
    </failure>
  </testcase> <!-- @AfterClass tearDown -->
  <testcase name="B020_deleteUserMultiSelection" time="0.009" classname="RegressionTest.DataProviderWithExcel_all">
    <skipped/>
  </testcase> <!-- B020_deleteUserMultiSelection -->
</testsuite> <!-- WebDriverTest -->
