<?xml version="1.0" encoding="UTF-8"?>
<!-- Generated by org.testng.reporters.JUnitXMLReporter -->
<testsuite hostname="DESKTOP-819O6GE" name="Opera Test" tests="17" failures="0" timestamp="20 Mar 2019 09:00:47 GMT" time="133.779" errors="0">
  <testcase name="A002_adduser" time="8.899" classname="RegressionTest.DataProviderWithExcel_all"/>
  <testcase name="A002_adduser" time="6.802" classname="RegressionTest.DataProviderWithExcel_all"/>
  <testcase name="A002_adduser" time="6.627" classname="RegressionTest.DataProviderWithExcel_all"/>
  <testcase name="A002_adduser" time="6.408" classname="RegressionTest.DataProviderWithExcel_all"/>
  <testcase name="A002_adduser" time="6.293" classname="RegressionTest.DataProviderWithExcel_all"/>
  <testcase name="A002_adduser" time="6.423" classname="RegressionTest.DataProviderWithExcel_all"/>
  <testcase name="A002_adduser" time="6.637" classname="RegressionTest.DataProviderWithExcel_all"/>
  <testcase name="A002_adduser" time="6.643" classname="RegressionTest.DataProviderWithExcel_all"/>
  <testcase name="A002_adduser" time="6.216" classname="RegressionTest.DataProviderWithExcel_all"/>
  <testcase name="A010_UpdateUser" time="9.57" classname="RegressionTest.DataProviderWithExcel_all"/>
  <testcase name="A010_UpdateUser" time="10.311" classname="RegressionTest.DataProviderWithExcel_all"/>
  <testcase name="B010_deleteUser" time="5.449" classname="RegressionTest.DataProviderWithExcel_all"/>
  <testcase name="B010_deleteUser" time="5.162" classname="RegressionTest.DataProviderWithExcel_all"/>
  <testcase name="B010_deleteUser" time="4.794" classname="RegressionTest.DataProviderWithExcel_all"/>
  <testcase name="B010_deleteUser" time="4.6" classname="RegressionTest.DataProviderWithExcel_all"/>
  <testcase name="B010_deleteUser" time="5.151" classname="RegressionTest.DataProviderWithExcel_all"/>
  <testcase name="B020_deleteUserMultiSelection" time="8.734" classname="RegressionTest.DataProviderWithExcel_all"/>
</testsuite> <!-- Opera Test -->
