<?xml version="1.0" encoding="UTF-8"?>
<testng-results total="23" passed="22" failed="1" skipped="0">
  <reporter-output>
  </reporter-output>
  <suite started-at="2019-04-16T09:24:36Z" name="All Test Suite" finished-at="2019-04-16T09:26:42Z" duration-ms="126138">
    <groups>
    </groups>
    <test started-at="2019-04-16T09:24:36Z" name="ChromeTest" finished-at="2019-04-16T09:26:42Z" duration-ms="126138">
      <class name="RegressionTest.DataProviderWithExcel_all">
        <test-method is-config="true" signature="setUp(java.lang.String, java.lang.String, java.lang.String, java.lang.String)[pri:0, instance:RegressionTest.DataProviderWithExcel_all@459e9125]" started-at="2019-04-16T11:24:36Z" name="setUp" finished-at="2019-04-16T11:24:43Z" duration-ms="7166" status="PASS">
          <params>
            <param index="0">
              <value>
                <![CDATA[chrome]]>
              </value>
            </param>
            <param index="1">
              <value>
                <![CDATA[http://localhost:8090/wordpress]]>
              </value>
            </param>
            <param index="2">
              <value>
                <![CDATA[admin]]>
              </value>
            </param>
            <param index="3">
              <value>
                <![CDATA[!NCS2019]]>
              </value>
            </param>
          </params>
          <reporter-output>
          </reporter-output>
        </test-method> <!-- setUp -->
        <test-method signature="A002_adduser(java.lang.String, java.lang.String, java.lang.String, java.lang.String, java.lang.String, java.lang.String, java.lang.String, java.lang.String)[pri:0, instance:RegressionTest.DataProviderWithExcel_all@459e9125]" started-at="2019-04-16T11:24:44Z" name="A002_adduser" data-provider="addUser" finished-at="2019-04-16T11:24:49Z" duration-ms="5179" status="PASS">
          <params>
            <param index="0">
              <value>
                <![CDATA[addUserRole]]>
              </value>
            </param>
            <param index="1">
              <value>
                <![CDATA[zz_nase1]]>
              </value>
            </param>
            <param index="2">
              <value>
                <![CDATA[zz_nase1@emailgehtnicht.de]]>
              </value>
            </param>
            <param index="3">
              <value>
                <![CDATA[ZZ]]>
              </value>
            </param>
            <param index="4">
              <value>
                <![CDATA[Nase1]]>
              </value>
            </param>
            <param index="5">
              <value>
                <![CDATA[$_1234%!zz_nase1]]>
              </value>
            </param>
            <param index="6">
              <value>
                <![CDATA[0]]>
              </value>
            </param>
            <param index="7">
              <value>
                <![CDATA[Mitarbeiter]]>
              </value>
            </param>
          </params>
          <reporter-output>
          </reporter-output>
        </test-method> <!-- A002_adduser -->
        <test-method signature="A002_adduser(java.lang.String, java.lang.String, java.lang.String, java.lang.String, java.lang.String, java.lang.String, java.lang.String, java.lang.String)[pri:0, instance:RegressionTest.DataProviderWithExcel_all@459e9125]" started-at="2019-04-16T11:24:49Z" name="A002_adduser" data-provider="addUser" finished-at="2019-04-16T11:24:53Z" duration-ms="3979" status="PASS">
          <params>
            <param index="0">
              <value>
                <![CDATA[addUserRole]]>
              </value>
            </param>
            <param index="1">
              <value>
                <![CDATA[zz_nase2]]>
              </value>
            </param>
            <param index="2">
              <value>
                <![CDATA[zz_nase2@emailgehtnicht.de]]>
              </value>
            </param>
            <param index="3">
              <value>
                <![CDATA[ZZ]]>
              </value>
            </param>
            <param index="4">
              <value>
                <![CDATA[Nase2]]>
              </value>
            </param>
            <param index="5">
              <value>
                <![CDATA[$_1234%!zz_nase2]]>
              </value>
            </param>
            <param index="6">
              <value>
                <![CDATA[0]]>
              </value>
            </param>
            <param index="7">
              <value>
                <![CDATA[Abonnent]]>
              </value>
            </param>
          </params>
          <reporter-output>
          </reporter-output>
        </test-method> <!-- A002_adduser -->
        <test-method signature="A002_adduser(java.lang.String, java.lang.String, java.lang.String, java.lang.String, java.lang.String, java.lang.String, java.lang.String, java.lang.String)[pri:0, instance:RegressionTest.DataProviderWithExcel_all@459e9125]" started-at="2019-04-16T11:24:53Z" name="A002_adduser" data-provider="addUser" finished-at="2019-04-16T11:24:57Z" duration-ms="3917" status="PASS">
          <params>
            <param index="0">
              <value>
                <![CDATA[addUserRole]]>
              </value>
            </param>
            <param index="1">
              <value>
                <![CDATA[zz_nase3]]>
              </value>
            </param>
            <param index="2">
              <value>
                <![CDATA[zz_nase3@emailgehtnicht.de]]>
              </value>
            </param>
            <param index="3">
              <value>
                <![CDATA[ZZ]]>
              </value>
            </param>
            <param index="4">
              <value>
                <![CDATA[Nase3]]>
              </value>
            </param>
            <param index="5">
              <value>
                <![CDATA[$_1234%!zz_nase3]]>
              </value>
            </param>
            <param index="6">
              <value>
                <![CDATA[0]]>
              </value>
            </param>
            <param index="7">
              <value>
                <![CDATA[Autor]]>
              </value>
            </param>
          </params>
          <reporter-output>
          </reporter-output>
        </test-method> <!-- A002_adduser -->
        <test-method signature="A002_adduser(java.lang.String, java.lang.String, java.lang.String, java.lang.String, java.lang.String, java.lang.String, java.lang.String, java.lang.String)[pri:0, instance:RegressionTest.DataProviderWithExcel_all@459e9125]" started-at="2019-04-16T11:24:57Z" name="A002_adduser" data-provider="addUser" finished-at="2019-04-16T11:25:01Z" duration-ms="3891" status="PASS">
          <params>
            <param index="0">
              <value>
                <![CDATA[addUserRole]]>
              </value>
            </param>
            <param index="1">
              <value>
                <![CDATA[zz_nase4]]>
              </value>
            </param>
            <param index="2">
              <value>
                <![CDATA[zz_nase4@emailgehtnicht.de]]>
              </value>
            </param>
            <param index="3">
              <value>
                <![CDATA[ZZ]]>
              </value>
            </param>
            <param index="4">
              <value>
                <![CDATA[Nase4]]>
              </value>
            </param>
            <param index="5">
              <value>
                <![CDATA[$_1234%!zz_nase4]]>
              </value>
            </param>
            <param index="6">
              <value>
                <![CDATA[0]]>
              </value>
            </param>
            <param index="7">
              <value>
                <![CDATA[Redakteur]]>
              </value>
            </param>
          </params>
          <reporter-output>
          </reporter-output>
        </test-method> <!-- A002_adduser -->
        <test-method signature="A002_adduser(java.lang.String, java.lang.String, java.lang.String, java.lang.String, java.lang.String, java.lang.String, java.lang.String, java.lang.String)[pri:0, instance:RegressionTest.DataProviderWithExcel_all@459e9125]" started-at="2019-04-16T11:25:01Z" name="A002_adduser" data-provider="addUser" finished-at="2019-04-16T11:25:05Z" duration-ms="4021" status="PASS">
          <params>
            <param index="0">
              <value>
                <![CDATA[addUserRole]]>
              </value>
            </param>
            <param index="1">
              <value>
                <![CDATA[zz_nase5]]>
              </value>
            </param>
            <param index="2">
              <value>
                <![CDATA[zz_nase5@emailgehtnicht.de]]>
              </value>
            </param>
            <param index="3">
              <value>
                <![CDATA[ZZ]]>
              </value>
            </param>
            <param index="4">
              <value>
                <![CDATA[Nase5]]>
              </value>
            </param>
            <param index="5">
              <value>
                <![CDATA[$_1234%!zz_nase5]]>
              </value>
            </param>
            <param index="6">
              <value>
                <![CDATA[0]]>
              </value>
            </param>
            <param index="7">
              <value>
                <![CDATA[Administrator]]>
              </value>
            </param>
          </params>
          <reporter-output>
          </reporter-output>
        </test-method> <!-- A002_adduser -->
        <test-method signature="A002_adduser(java.lang.String, java.lang.String, java.lang.String, java.lang.String, java.lang.String, java.lang.String, java.lang.String, java.lang.String)[pri:0, instance:RegressionTest.DataProviderWithExcel_all@459e9125]" started-at="2019-04-16T11:25:05Z" name="A002_adduser" data-provider="addUser" finished-at="2019-04-16T11:25:09Z" duration-ms="3860" status="PASS">
          <params>
            <param index="0">
              <value>
                <![CDATA[addUserRole]]>
              </value>
            </param>
            <param index="1">
              <value>
                <![CDATA[zz_nase6]]>
              </value>
            </param>
            <param index="2">
              <value>
                <![CDATA[zz_nase6@emailgehtnicht.de]]>
              </value>
            </param>
            <param index="3">
              <value>
                <![CDATA[ZZ]]>
              </value>
            </param>
            <param index="4">
              <value>
                <![CDATA[Nase6]]>
              </value>
            </param>
            <param index="5">
              <value>
                <![CDATA[$_1234%!zz_nase6]]>
              </value>
            </param>
            <param index="6">
              <value>
                <![CDATA[0]]>
              </value>
            </param>
            <param index="7">
              <value>
                <![CDATA[Abonnent]]>
              </value>
            </param>
          </params>
          <reporter-output>
          </reporter-output>
        </test-method> <!-- A002_adduser -->
        <test-method signature="A002_adduser(java.lang.String, java.lang.String, java.lang.String, java.lang.String, java.lang.String, java.lang.String, java.lang.String, java.lang.String)[pri:0, instance:RegressionTest.DataProviderWithExcel_all@459e9125]" started-at="2019-04-16T11:25:09Z" name="A002_adduser" data-provider="addUser" finished-at="2019-04-16T11:25:13Z" duration-ms="3940" status="PASS">
          <params>
            <param index="0">
              <value>
                <![CDATA[addUserRole]]>
              </value>
            </param>
            <param index="1">
              <value>
                <![CDATA[zz_nase7]]>
              </value>
            </param>
            <param index="2">
              <value>
                <![CDATA[zz_nase7@emailgehtnicht.de]]>
              </value>
            </param>
            <param index="3">
              <value>
                <![CDATA[ZZ]]>
              </value>
            </param>
            <param index="4">
              <value>
                <![CDATA[Nase7]]>
              </value>
            </param>
            <param index="5">
              <value>
                <![CDATA[$_1234%!zz_nase7]]>
              </value>
            </param>
            <param index="6">
              <value>
                <![CDATA[0]]>
              </value>
            </param>
            <param index="7">
              <value>
                <![CDATA[Autor]]>
              </value>
            </param>
          </params>
          <reporter-output>
          </reporter-output>
        </test-method> <!-- A002_adduser -->
        <test-method signature="A002_adduser(java.lang.String, java.lang.String, java.lang.String, java.lang.String, java.lang.String, java.lang.String, java.lang.String, java.lang.String)[pri:0, instance:RegressionTest.DataProviderWithExcel_all@459e9125]" started-at="2019-04-16T11:25:13Z" name="A002_adduser" data-provider="addUser" finished-at="2019-04-16T11:25:17Z" duration-ms="3828" status="PASS">
          <params>
            <param index="0">
              <value>
                <![CDATA[addUserRole]]>
              </value>
            </param>
            <param index="1">
              <value>
                <![CDATA[zz_nase8]]>
              </value>
            </param>
            <param index="2">
              <value>
                <![CDATA[zz_nase8@emailgehtnicht.de]]>
              </value>
            </param>
            <param index="3">
              <value>
                <![CDATA[ZZ]]>
              </value>
            </param>
            <param index="4">
              <value>
                <![CDATA[Nase8]]>
              </value>
            </param>
            <param index="5">
              <value>
                <![CDATA[$_1234zz]]>
              </value>
            </param>
            <param index="6">
              <value>
                <![CDATA[0]]>
              </value>
            </param>
            <param index="7">
              <value>
                <![CDATA[Redakteur]]>
              </value>
            </param>
          </params>
          <reporter-output>
          </reporter-output>
        </test-method> <!-- A002_adduser -->
        <test-method signature="A002_adduser(java.lang.String, java.lang.String, java.lang.String, java.lang.String, java.lang.String, java.lang.String, java.lang.String, java.lang.String)[pri:0, instance:RegressionTest.DataProviderWithExcel_all@459e9125]" started-at="2019-04-16T11:25:17Z" name="A002_adduser" data-provider="addUser" finished-at="2019-04-16T11:25:21Z" duration-ms="3983" status="PASS">
          <params>
            <param index="0">
              <value>
                <![CDATA[addUserRole]]>
              </value>
            </param>
            <param index="1">
              <value>
                <![CDATA[zz_nase9]]>
              </value>
            </param>
            <param index="2">
              <value>
                <![CDATA[zz_nase9@emailgehtnicht.de]]>
              </value>
            </param>
            <param index="3">
              <value>
                <![CDATA[ZZ]]>
              </value>
            </param>
            <param index="4">
              <value>
                <![CDATA[Nase9]]>
              </value>
            </param>
            <param index="5">
              <value>
                <![CDATA[$_]]>
              </value>
            </param>
            <param index="6">
              <value>
                <![CDATA[0]]>
              </value>
            </param>
            <param index="7">
              <value>
                <![CDATA[Mitarbeiter]]>
              </value>
            </param>
          </params>
          <reporter-output>
          </reporter-output>
        </test-method> <!-- A002_adduser -->
        <test-method signature="A010_UpdateUser(java.lang.String, java.lang.String, java.lang.String, java.lang.String, java.lang.String, java.lang.String, java.lang.String, java.lang.String, java.lang.String, java.lang.String, java.lang.String, java.lang.String, java.lang.String, java.lang.String, java.lang.String, java.lang.String)[pri:0, instance:RegressionTest.DataProviderWithExcel_all@459e9125]" started-at="2019-04-16T11:25:21Z" name="A010_UpdateUser" data-provider="UpdateUser" finished-at="2019-04-16T11:25:27Z" duration-ms="6566" status="PASS">
          <params>
            <param index="0">
              <value>
                <![CDATA[modifyUser_zz_nase1]]>
              </value>
            </param>
            <param index="1">
              <value>
                <![CDATA[zz_nase1]]>
              </value>
            </param>
            <param index="2">
              <value>
                <![CDATA[ja]]>
              </value>
            </param>
            <param index="3">
              <value>
                <![CDATA[Hell]]>
              </value>
            </param>
            <param index="4">
              <value>
                <![CDATA[ja]]>
              </value>
            </param>
            <param index="5">
              <value>
                <![CDATA[ja]]>
              </value>
            </param>
            <param index="6">
              <value>
                <![CDATA[English]]>
              </value>
            </param>
            <param index="7">
              <value>
                <![CDATA[test1]]>
              </value>
            </param>
            <param index="8">
              <value>
                <![CDATA[Abonnent]]>
              </value>
            </param>
            <param index="9">
              <value>
                <![CDATA[Nase1]]>
              </value>
            </param>
            <param index="10">
              <value>
                <![CDATA[AZ]]>
              </value>
            </param>
            <param index="11">
              <value>
                <![CDATA[Nase1AZ]]>
              </value>
            </param>
            <param index="12">
              <value>
                <![CDATA[Nase1AZ@emailgibtesnicht.de]]>
              </value>
            </param>
            <param index="13">
              <value>
                <![CDATA[www.Nase1AZ.de]]>
              </value>
            </param>
            <param index="14">
              <value>
                <![CDATA[Ich bin Tester]]>
              </value>
            </param>
            <param index="15">
              <value>
                <![CDATA[nase11]]>
              </value>
            </param>
          </params>
          <reporter-output>
          </reporter-output>
        </test-method> <!-- A010_UpdateUser -->
        <test-method signature="A010_UpdateUser(java.lang.String, java.lang.String, java.lang.String, java.lang.String, java.lang.String, java.lang.String, java.lang.String, java.lang.String, java.lang.String, java.lang.String, java.lang.String, java.lang.String, java.lang.String, java.lang.String, java.lang.String, java.lang.String)[pri:0, instance:RegressionTest.DataProviderWithExcel_all@459e9125]" started-at="2019-04-16T11:25:27Z" name="A010_UpdateUser" data-provider="UpdateUser" finished-at="2019-04-16T11:25:34Z" duration-ms="6578" status="PASS">
          <params>
            <param index="0">
              <value>
                <![CDATA[modifyUser_zz_nase2]]>
              </value>
            </param>
            <param index="1">
              <value>
                <![CDATA[zz_nase2]]>
              </value>
            </param>
            <param index="2">
              <value>
                <![CDATA[nein]]>
              </value>
            </param>
            <param index="3">
              <value>
                <![CDATA[Blau]]>
              </value>
            </param>
            <param index="4">
              <value>
                <![CDATA[nein]]>
              </value>
            </param>
            <param index="5">
              <value>
                <![CDATA[nein]]>
              </value>
            </param>
            <param index="6">
              <value>
                <![CDATA[Deutsch]]>
              </value>
            </param>
            <param index="7">
              <value>
                <![CDATA[nothing to do ]]>
              </value>
            </param>
            <param index="8">
              <value>
                <![CDATA[Mitarbeiter]]>
              </value>
            </param>
            <param index="9">
              <value>
                <![CDATA[Nase2]]>
              </value>
            </param>
            <param index="10">
              <value>
                <![CDATA[AZ]]>
              </value>
            </param>
            <param index="11">
              <value>
                <![CDATA[Nase2AZ]]>
              </value>
            </param>
            <param index="12">
              <value>
                <![CDATA[Nase2AZ@emailgibtesnicht.de]]>
              </value>
            </param>
            <param index="13">
              <value>
                <![CDATA[www.Nase2AZ.de]]>
              </value>
            </param>
            <param index="14">
              <value>
                <![CDATA[1234567ggggggggggggggggggggggggggggggggggggggggggghhhhhhhhhhhhhhhhhhhhhhhhhhhhhhhhhhhhhhhhhhhhhhhhhhhhhhhhhhhhhhhhhhhhhhhhhhhhhhhhhhhhhhhhhhhhhhhhhhhhhhhhhhhhhhhhhhhhhhhhhh]]>
              </value>
            </param>
            <param index="15">
              <value>
                <![CDATA[Nase2AZ]]>
              </value>
            </param>
          </params>
          <reporter-output>
          </reporter-output>
        </test-method> <!-- A010_UpdateUser -->
        <test-method signature="A010_UpdateUser(java.lang.String, java.lang.String, java.lang.String, java.lang.String, java.lang.String, java.lang.String, java.lang.String, java.lang.String, java.lang.String, java.lang.String, java.lang.String, java.lang.String, java.lang.String, java.lang.String, java.lang.String, java.lang.String)[pri:0, instance:RegressionTest.DataProviderWithExcel_all@459e9125]" started-at="2019-04-16T11:25:34Z" name="A010_UpdateUser" data-provider="UpdateUser" finished-at="2019-04-16T11:25:41Z" duration-ms="6657" status="PASS">
          <params>
            <param index="0">
              <value>
                <![CDATA[modifyUser_zz_nase3]]>
              </value>
            </param>
            <param index="1">
              <value>
                <![CDATA[zz_nase3]]>
              </value>
            </param>
            <param index="2">
              <value>
                <![CDATA[ja]]>
              </value>
            </param>
            <param index="3">
              <value>
                <![CDATA[Kaffee]]>
              </value>
            </param>
            <param index="4">
              <value>
                <![CDATA[ja]]>
              </value>
            </param>
            <param index="5">
              <value>
                <![CDATA[ja]]>
              </value>
            </param>
            <param index="6">
              <value>
                <![CDATA[English]]>
              </value>
            </param>
            <param index="7">
              <value>
                <![CDATA[test2]]>
              </value>
            </param>
            <param index="8">
              <value>
                <![CDATA[Autor]]>
              </value>
            </param>
            <param index="9">
              <value>
                <![CDATA[Nase3]]>
              </value>
            </param>
            <param index="10">
              <value>
                <![CDATA[AZ]]>
              </value>
            </param>
            <param index="11">
              <value>
                <![CDATA[Nase3AZ]]>
              </value>
            </param>
            <param index="12">
              <value>
                <![CDATA[Nase3AZ@emailgibtesnicht.de]]>
              </value>
            </param>
            <param index="13">
              <value>
                <![CDATA[www.Nase3AZ.de]]>
              </value>
            </param>
            <param index="14">
              <value>
                <![CDATA[1234568ggggggggggggggggggggggggggggggggggggggggggghhhhhhhhhhhhhhhhhhhhhhhhhhhhhhhhhhhhhhhhhhhhhhhhhhhhhhhhhhhhhhhhhhhhhhhhhhhhhhhhhhhhhhhhhhhhhhhhhhhhhhhhhhhhhhhhhhhhhhhhhh]]>
              </value>
            </param>
            <param index="15">
              <value>
                <![CDATA[Nase3AZ]]>
              </value>
            </param>
          </params>
          <reporter-output>
          </reporter-output>
        </test-method> <!-- A010_UpdateUser -->
        <test-method signature="A010_UpdateUser(java.lang.String, java.lang.String, java.lang.String, java.lang.String, java.lang.String, java.lang.String, java.lang.String, java.lang.String, java.lang.String, java.lang.String, java.lang.String, java.lang.String, java.lang.String, java.lang.String, java.lang.String, java.lang.String)[pri:0, instance:RegressionTest.DataProviderWithExcel_all@459e9125]" started-at="2019-04-16T11:25:41Z" name="A010_UpdateUser" data-provider="UpdateUser" finished-at="2019-04-16T11:25:47Z" duration-ms="6704" status="PASS">
          <params>
            <param index="0">
              <value>
                <![CDATA[modifyUser_zz_nase4]]>
              </value>
            </param>
            <param index="1">
              <value>
                <![CDATA[zz_nase4]]>
              </value>
            </param>
            <param index="2">
              <value>
                <![CDATA[nein]]>
              </value>
            </param>
            <param index="3">
              <value>
                <![CDATA[Ektoplasma]]>
              </value>
            </param>
            <param index="4">
              <value>
                <![CDATA[nein]]>
              </value>
            </param>
            <param index="5">
              <value>
                <![CDATA[nein]]>
              </value>
            </param>
            <param index="6">
              <value>
                <![CDATA[Deutsch]]>
              </value>
            </param>
            <param index="7">
              <value>
                <![CDATA[nothing to do ]]>
              </value>
            </param>
            <param index="8">
              <value>
                <![CDATA[Redakteur]]>
              </value>
            </param>
            <param index="9">
              <value>
                <![CDATA[Nase4]]>
              </value>
            </param>
            <param index="10">
              <value>
                <![CDATA[AZ]]>
              </value>
            </param>
            <param index="11">
              <value>
                <![CDATA[Nase4AZ]]>
              </value>
            </param>
            <param index="12">
              <value>
                <![CDATA[Nase4AZ@emailgibtesnicht.de]]>
              </value>
            </param>
            <param index="13">
              <value>
                <![CDATA[www.Nase4AZ.de]]>
              </value>
            </param>
            <param index="14">
              <value>
                <![CDATA[1234569ggggggggggggggggggggggggggggggggggggggggggghhhhhhhhhhhhhhhhhhhhhhhhhhhhhhhhhhhhhhhhhhhhhhhhhhhhhhhhhhhhhhhhhhhhhhhhhhhhhhhhhhhhhhhhhhhhhhhhhhhhhhhhhhhhhhhhhhhhhhhhhh]]>
              </value>
            </param>
            <param index="15">
              <value>
                <![CDATA[Nase4AZ]]>
              </value>
            </param>
          </params>
          <reporter-output>
          </reporter-output>
        </test-method> <!-- A010_UpdateUser -->
        <test-method signature="A010_UpdateUser(java.lang.String, java.lang.String, java.lang.String, java.lang.String, java.lang.String, java.lang.String, java.lang.String, java.lang.String, java.lang.String, java.lang.String, java.lang.String, java.lang.String, java.lang.String, java.lang.String, java.lang.String, java.lang.String)[pri:0, instance:RegressionTest.DataProviderWithExcel_all@459e9125]" started-at="2019-04-16T11:25:47Z" name="A010_UpdateUser" data-provider="UpdateUser" finished-at="2019-04-16T11:25:51Z" duration-ms="3581" status="FAIL">
          <params>
            <param index="0">
              <value>
                <![CDATA[modifyUser_zz_nase5]]>
              </value>
            </param>
            <param index="1">
              <value>
                <![CDATA[zz_nase5]]>
              </value>
            </param>
            <param index="2">
              <value>
                <![CDATA[ja]]>
              </value>
            </param>
            <param index="3">
              <value>
                <![CDATA[Mitternacht]]>
              </value>
            </param>
            <param index="4">
              <value>
                <![CDATA[ja]]>
              </value>
            </param>
            <param index="5">
              <value>
                <![CDATA[ja]]>
              </value>
            </param>
            <param index="6">
              <value>
                <![CDATA[English]]>
              </value>
            </param>
            <param index="7">
              <value>
                <![CDATA[test3]]>
              </value>
            </param>
            <param index="8">
              <value>
                <![CDATA[Administrator]]>
              </value>
            </param>
            <param index="9">
              <value>
                <![CDATA[Nase5]]>
              </value>
            </param>
            <param index="10">
              <value>
                <![CDATA[AZ]]>
              </value>
            </param>
            <param index="11">
              <value>
                <![CDATA[Nase5AZ]]>
              </value>
            </param>
            <param index="12">
              <value>
                <![CDATA[Nase5AZ@emailgibtesnicht.de]]>
              </value>
            </param>
            <param index="13">
              <value>
                <![CDATA[www.Nase5AZ.de]]>
              </value>
            </param>
            <param index="14">
              <value>
                <![CDATA[1234570ggggggggggggggggggggggggggggggggggggggggggghhhhhhhhhhhhhhhhhhhhhhhhhhhhhhhhhhhhhhhhhhhhhhhhhhhhhhhhhhhhhhhhhhhhhhhhhhhhhhhhhhhhhhhhhhhhhhhhhhhhhhhhhhhhhhhhhhhhhhhhhh]]>
              </value>
            </param>
            <param index="15">
              <value>
                <![CDATA[Nase5AZ]]>
              </value>
            </param>
          </params>
          <exception class="org.openqa.selenium.NoSuchElementException">
            <message>
              <![CDATA[no such element: Unable to locate element: {"method":"xpath","selector":"//*[@id="your-profile"]/table[1]/tbody/tr[3]/td/label/input"}
  (Session info: chrome=73.0.3683.103)
  (Driver info: chromedriver=2.45.615279 (12b89733300bd268cff3b78fc76cb8f3a7cc44e5),platform=Linux 4.18.0-17-generic x86_64) (WARNING: The server did not provide any stacktrace information)
Command duration or timeout: 0 milliseconds
For documentation on this error, please visit: https://www.seleniumhq.org/exceptions/no_such_element.html
Build info: version: '3.141.59', revision: 'e82be7d358', time: '2018-11-14T08:17:03'
System info: host: 'aleksander-ThinkPad-T410', ip: '127.0.1.1', os.name: 'Linux', os.arch: 'amd64', os.version: '4.18.0-17-generic', java.version: '10.0.2'
Driver info: org.openqa.selenium.chrome.ChromeDriver
Capabilities {acceptInsecureCerts: false, acceptSslCerts: false, applicationCacheEnabled: false, browserConnectionEnabled: false, browserName: chrome, chrome: {chromedriverVersion: 2.45.615279 (12b89733300bd2..., userDataDir: /tmp/.org.chromium.Chromium...}, cssSelectorsEnabled: true, databaseEnabled: false, goog:chromeOptions: {debuggerAddress: localhost:33601}, handlesAlerts: true, hasTouchScreen: false, javascriptEnabled: true, locationContextEnabled: true, mobileEmulationEnabled: false, nativeEvents: true, networkConnectionEnabled: false, pageLoadStrategy: normal, platform: LINUX, platformName: LINUX, proxy: Proxy(), rotatable: false, setWindowRect: true, strictFileInteractability: false, takesHeapSnapshot: true, takesScreenshot: true, timeouts: {implicit: 0, pageLoad: 300000, script: 30000}, unexpectedAlertBehaviour: ignore, unhandledPromptBehavior: ignore, version: 73.0.3683.103, webStorageEnabled: true}
Session ID: 8a0b99a506f250cef73ec135eb0780ce
*** Element info: {Using=xpath, value=//*[@id="your-profile"]/table[1]/tbody/tr[3]/td/label/input}]]>
            </message>
            <full-stacktrace>
              <![CDATA[org.openqa.selenium.NoSuchElementException: no such element: Unable to locate element: {"method":"xpath","selector":"//*[@id="your-profile"]/table[1]/tbody/tr[3]/td/label/input"}
  (Session info: chrome=73.0.3683.103)
  (Driver info: chromedriver=2.45.615279 (12b89733300bd268cff3b78fc76cb8f3a7cc44e5),platform=Linux 4.18.0-17-generic x86_64) (WARNING: The server did not provide any stacktrace information)
Command duration or timeout: 0 milliseconds
For documentation on this error, please visit: https://www.seleniumhq.org/exceptions/no_such_element.html
Build info: version: '3.141.59', revision: 'e82be7d358', time: '2018-11-14T08:17:03'
System info: host: 'aleksander-ThinkPad-T410', ip: '127.0.1.1', os.name: 'Linux', os.arch: 'amd64', os.version: '4.18.0-17-generic', java.version: '10.0.2'
Driver info: org.openqa.selenium.chrome.ChromeDriver
Capabilities {acceptInsecureCerts: false, acceptSslCerts: false, applicationCacheEnabled: false, browserConnectionEnabled: false, browserName: chrome, chrome: {chromedriverVersion: 2.45.615279 (12b89733300bd2..., userDataDir: /tmp/.org.chromium.Chromium...}, cssSelectorsEnabled: true, databaseEnabled: false, goog:chromeOptions: {debuggerAddress: localhost:33601}, handlesAlerts: true, hasTouchScreen: false, javascriptEnabled: true, locationContextEnabled: true, mobileEmulationEnabled: false, nativeEvents: true, networkConnectionEnabled: false, pageLoadStrategy: normal, platform: LINUX, platformName: LINUX, proxy: Proxy(), rotatable: false, setWindowRect: true, strictFileInteractability: false, takesHeapSnapshot: true, takesScreenshot: true, timeouts: {implicit: 0, pageLoad: 300000, script: 30000}, unexpectedAlertBehaviour: ignore, unhandledPromptBehavior: ignore, version: 73.0.3683.103, webStorageEnabled: true}
Session ID: 8a0b99a506f250cef73ec135eb0780ce
*** Element info: {Using=xpath, value=//*[@id="your-profile"]/table[1]/tbody/tr[3]/td/label/input}
	at java.base/jdk.internal.reflect.NativeConstructorAccessorImpl.newInstance0(Native Method)
	at java.base/jdk.internal.reflect.NativeConstructorAccessorImpl.newInstance(NativeConstructorAccessorImpl.java:62)
	at java.base/jdk.internal.reflect.DelegatingConstructorAccessorImpl.newInstance(DelegatingConstructorAccessorImpl.java:45)
	at java.base/java.lang.reflect.Constructor.newInstance(Constructor.java:488)
	at org.openqa.selenium.remote.ErrorHandler.createThrowable(ErrorHandler.java:214)
	at org.openqa.selenium.remote.ErrorHandler.throwIfResponseFailed(ErrorHandler.java:166)
	at org.openqa.selenium.remote.http.JsonHttpResponseCodec.reconstructValue(JsonHttpResponseCodec.java:40)
	at org.openqa.selenium.remote.http.AbstractHttpResponseCodec.decode(AbstractHttpResponseCodec.java:80)
	at org.openqa.selenium.remote.http.AbstractHttpResponseCodec.decode(AbstractHttpResponseCodec.java:44)
	at org.openqa.selenium.remote.HttpCommandExecutor.execute(HttpCommandExecutor.java:158)
	at org.openqa.selenium.remote.service.DriverCommandExecutor.execute(DriverCommandExecutor.java:83)
	at org.openqa.selenium.remote.RemoteWebDriver.execute(RemoteWebDriver.java:552)
	at org.openqa.selenium.remote.RemoteWebDriver.findElement(RemoteWebDriver.java:323)
	at org.openqa.selenium.remote.RemoteWebDriver.findElementByXPath(RemoteWebDriver.java:428)
	at org.openqa.selenium.By$ByXPath.findElement(By.java:353)
	at org.openqa.selenium.remote.RemoteWebDriver.findElement(RemoteWebDriver.java:315)
	at RegressionTest.DataProviderWithExcel_all.A010_UpdateUser(DataProviderWithExcel_all.java:164)
	at java.base/jdk.internal.reflect.NativeMethodAccessorImpl.invoke0(Native Method)
	at java.base/jdk.internal.reflect.NativeMethodAccessorImpl.invoke(NativeMethodAccessorImpl.java:62)
	at java.base/jdk.internal.reflect.DelegatingMethodAccessorImpl.invoke(DelegatingMethodAccessorImpl.java:43)
	at java.base/java.lang.reflect.Method.invoke(Method.java:564)
	at org.testng.internal.MethodInvocationHelper.invokeMethod(MethodInvocationHelper.java:80)
	at org.testng.internal.Invoker.invokeMethod(Invoker.java:714)
	at org.testng.internal.Invoker.invokeTestMethod(Invoker.java:901)
	at org.testng.internal.Invoker.invokeTestMethods(Invoker.java:1231)
	at org.testng.internal.TestMethodWorker.invokeTestMethods(TestMethodWorker.java:127)
	at org.testng.internal.TestMethodWorker.run(TestMethodWorker.java:111)
	at org.testng.TestRunner.privateRun(TestRunner.java:767)
	at org.testng.TestRunner.run(TestRunner.java:617)
	at org.testng.SuiteRunner.runTest(SuiteRunner.java:334)
	at org.testng.SuiteRunner.runSequentially(SuiteRunner.java:329)
	at org.testng.SuiteRunner.privateRun(SuiteRunner.java:291)
	at org.testng.SuiteRunner.run(SuiteRunner.java:240)
	at org.testng.SuiteRunnerWorker.runSuite(SuiteRunnerWorker.java:52)
	at org.testng.SuiteRunnerWorker.run(SuiteRunnerWorker.java:86)
	at org.testng.TestNG.runSuitesSequentially(TestNG.java:1198)
	at org.testng.TestNG.runSuitesLocally(TestNG.java:1123)
	at org.testng.TestNG.run(TestNG.java:1031)
	at org.apache.maven.surefire.testng.TestNGExecutor.run(TestNGExecutor.java:283)
	at org.apache.maven.surefire.testng.TestNGXmlTestSuite.execute(TestNGXmlTestSuite.java:75)
	at org.apache.maven.surefire.testng.TestNGProvider.invoke(TestNGProvider.java:120)
	at org.apache.maven.surefire.booter.ForkedBooter.invokeProviderInSameClassLoader(ForkedBooter.java:384)
	at org.apache.maven.surefire.booter.ForkedBooter.runSuitesInProcess(ForkedBooter.java:345)
	at org.apache.maven.surefire.booter.ForkedBooter.execute(ForkedBooter.java:126)
	at org.apache.maven.surefire.booter.ForkedBooter.main(ForkedBooter.java:418)
]]>
            </full-stacktrace>
          </exception> <!-- org.openqa.selenium.NoSuchElementException -->
          <reporter-output>
          </reporter-output>
        </test-method> <!-- A010_UpdateUser -->
        <test-method signature="A010_UpdateUser(java.lang.String, java.lang.String, java.lang.String, java.lang.String, java.lang.String, java.lang.String, java.lang.String, java.lang.String, java.lang.String, java.lang.String, java.lang.String, java.lang.String, java.lang.String, java.lang.String, java.lang.String, java.lang.String)[pri:0, instance:RegressionTest.DataProviderWithExcel_all@459e9125]" started-at="2019-04-16T11:25:51Z" name="A010_UpdateUser" data-provider="UpdateUser" finished-at="2019-04-16T11:25:58Z" duration-ms="7216" status="PASS">
          <params>
            <param index="0">
              <value>
                <![CDATA[modifyUser_zz_nase6]]>
              </value>
            </param>
            <param index="1">
              <value>
                <![CDATA[zz_nase6]]>
              </value>
            </param>
            <param index="2">
              <value>
                <![CDATA[nein]]>
              </value>
            </param>
            <param index="3">
              <value>
                <![CDATA[Meer]]>
              </value>
            </param>
            <param index="4">
              <value>
                <![CDATA[nein]]>
              </value>
            </param>
            <param index="5">
              <value>
                <![CDATA[nein]]>
              </value>
            </param>
            <param index="6">
              <value>
                <![CDATA[Deutsch]]>
              </value>
            </param>
            <param index="7">
              <value>
                <![CDATA[nothing to do ]]>
              </value>
            </param>
            <param index="8">
              <value>
                <![CDATA[— Keine Benutzerrolle für diese Website —]]>
              </value>
            </param>
            <param index="9">
              <value>
                <![CDATA[Nase6]]>
              </value>
            </param>
            <param index="10">
              <value>
                <![CDATA[AZ]]>
              </value>
            </param>
            <param index="11">
              <value>
                <![CDATA[Nase6AZ]]>
              </value>
            </param>
            <param index="12">
              <value>
                <![CDATA[Nase6AZ@emailgibtesnicht.de]]>
              </value>
            </param>
            <param index="13">
              <value>
                <![CDATA[www.Nase6AZ.de]]>
              </value>
            </param>
            <param index="14">
              <value>
                <![CDATA[1234571ggggggggggggggggggggggggggggggggggggggggggghhhhhhhhhhhhhhhhhhhhhhhhhhhhhhhhhhhhhhhhhhhhhhhhhhhhhhhhhhhhhhhhhhhhhhhhhhhhhhhhhhhhhhhhhhhhhhhhhhhhhhhhhhhhhhhhhhhhhhhhhh]]>
              </value>
            </param>
            <param index="15">
              <value>
                <![CDATA[Nase6AZ]]>
              </value>
            </param>
          </params>
          <reporter-output>
          </reporter-output>
        </test-method> <!-- A010_UpdateUser -->
        <test-method signature="A010_UpdateUser(java.lang.String, java.lang.String, java.lang.String, java.lang.String, java.lang.String, java.lang.String, java.lang.String, java.lang.String, java.lang.String, java.lang.String, java.lang.String, java.lang.String, java.lang.String, java.lang.String, java.lang.String, java.lang.String)[pri:0, instance:RegressionTest.DataProviderWithExcel_all@459e9125]" started-at="2019-04-16T11:25:58Z" name="A010_UpdateUser" data-provider="UpdateUser" finished-at="2019-04-16T11:26:06Z" duration-ms="7494" status="PASS">
          <params>
            <param index="0">
              <value>
                <![CDATA[modifyUser_zz_nase7]]>
              </value>
            </param>
            <param index="1">
              <value>
                <![CDATA[zz_nase7]]>
              </value>
            </param>
            <param index="2">
              <value>
                <![CDATA[ja]]>
              </value>
            </param>
            <param index="3">
              <value>
                <![CDATA[Sonnenaufgang]]>
              </value>
            </param>
            <param index="4">
              <value>
                <![CDATA[ja]]>
              </value>
            </param>
            <param index="5">
              <value>
                <![CDATA[ja]]>
              </value>
            </param>
            <param index="6">
              <value>
                <![CDATA[English]]>
              </value>
            </param>
            <param index="7">
              <value>
                <![CDATA[test4]]>
              </value>
            </param>
            <param index="8">
              <value>
                <![CDATA[Mitarbeiter]]>
              </value>
            </param>
            <param index="9">
              <value>
                <![CDATA[Nase7]]>
              </value>
            </param>
            <param index="10">
              <value>
                <![CDATA[AZ]]>
              </value>
            </param>
            <param index="11">
              <value>
                <![CDATA[Nase7AZ]]>
              </value>
            </param>
            <param index="12">
              <value>
                <![CDATA[Nase7AZ@emailgibtesnicht.de]]>
              </value>
            </param>
            <param index="13">
              <value>
                <![CDATA[www.Nase7AZ.de]]>
              </value>
            </param>
            <param index="14">
              <value>
                <![CDATA[1234572ggggggggggggggggggggggggggggggggggggggggggghhhhhhhhhhhhhhhhhhhhhhhhhhhhhhhhhhhhhhhhhhhhhhhhhhhhhhhhhhhhhhhhhhhhhhhhhhhhhhhhhhhhhhhhhhhhhhhhhhhhhhhhhhhhhhhhhhhhhhhhhh]]>
              </value>
            </param>
            <param index="15">
              <value>
                <![CDATA[Nase7AZ]]>
              </value>
            </param>
          </params>
          <reporter-output>
          </reporter-output>
        </test-method> <!-- A010_UpdateUser -->
        <test-method signature="A010_UpdateUser(java.lang.String, java.lang.String, java.lang.String, java.lang.String, java.lang.String, java.lang.String, java.lang.String, java.lang.String, java.lang.String, java.lang.String, java.lang.String, java.lang.String, java.lang.String, java.lang.String, java.lang.String, java.lang.String)[pri:0, instance:RegressionTest.DataProviderWithExcel_all@459e9125]" started-at="2019-04-16T11:26:06Z" name="A010_UpdateUser" data-provider="UpdateUser" finished-at="2019-04-16T11:26:13Z" duration-ms="7821" status="PASS">
          <params>
            <param index="0">
              <value>
                <![CDATA[modifyUser_zz_nase8]]>
              </value>
            </param>
            <param index="1">
              <value>
                <![CDATA[zz_nase8]]>
              </value>
            </param>
            <param index="2">
              <value>
                <![CDATA[nein]]>
              </value>
            </param>
            <param index="3">
              <value>
                <![CDATA[Standard]]>
              </value>
            </param>
            <param index="4">
              <value>
                <![CDATA[nein]]>
              </value>
            </param>
            <param index="5">
              <value>
                <![CDATA[nein]]>
              </value>
            </param>
            <param index="6">
              <value>
                <![CDATA[Deutsch]]>
              </value>
            </param>
            <param index="7">
              <value>
                <![CDATA[nothing to do ]]>
              </value>
            </param>
            <param index="8">
              <value>
                <![CDATA[Autor]]>
              </value>
            </param>
            <param index="9">
              <value>
                <![CDATA[Nase8]]>
              </value>
            </param>
            <param index="10">
              <value>
                <![CDATA[AZ]]>
              </value>
            </param>
            <param index="11">
              <value>
                <![CDATA[Nase8AZ]]>
              </value>
            </param>
            <param index="12">
              <value>
                <![CDATA[Nase8AZ@emailgibtesnicht.de]]>
              </value>
            </param>
            <param index="13">
              <value>
                <![CDATA[www.Nase8AZ.de]]>
              </value>
            </param>
            <param index="14">
              <value>
                <![CDATA[1234573ggggggggggggggggggggggggggggggggggggggggggghhhhhhhhhhhhhhhhhhhhhhhhhhhhhhhhhhhhhhhhhhhhhhhhhhhhhhhhhhhhhhhhhhhhhhhhhhhhhhhhhhhhhhhhhhhhhhhhhhhhhhhhhhhhhhhhhhhhhhhhhh]]>
              </value>
            </param>
            <param index="15">
              <value>
                <![CDATA[Nase8AZ]]>
              </value>
            </param>
          </params>
          <reporter-output>
          </reporter-output>
        </test-method> <!-- A010_UpdateUser -->
        <test-method signature="B010_deleteUser(java.lang.String, java.lang.String)[pri:0, instance:RegressionTest.DataProviderWithExcel_all@459e9125]" started-at="2019-04-16T11:26:14Z" name="B010_deleteUser" data-provider="deleteUser" finished-at="2019-04-16T11:26:17Z" duration-ms="3620" status="PASS">
          <params>
            <param index="0">
              <value>
                <![CDATA[DeleteUser]]>
              </value>
            </param>
            <param index="1">
              <value>
                <![CDATA[zz_nase1]]>
              </value>
            </param>
          </params>
          <reporter-output>
          </reporter-output>
        </test-method> <!-- B010_deleteUser -->
        <test-method signature="B010_deleteUser(java.lang.String, java.lang.String)[pri:0, instance:RegressionTest.DataProviderWithExcel_all@459e9125]" started-at="2019-04-16T11:26:17Z" name="B010_deleteUser" data-provider="deleteUser" finished-at="2019-04-16T11:26:21Z" duration-ms="3418" status="PASS">
          <params>
            <param index="0">
              <value>
                <![CDATA[DeleteUser]]>
              </value>
            </param>
            <param index="1">
              <value>
                <![CDATA[zz_nase2]]>
              </value>
            </param>
          </params>
          <reporter-output>
          </reporter-output>
        </test-method> <!-- B010_deleteUser -->
        <test-method signature="B010_deleteUser(java.lang.String, java.lang.String)[pri:0, instance:RegressionTest.DataProviderWithExcel_all@459e9125]" started-at="2019-04-16T11:26:21Z" name="B010_deleteUser" data-provider="deleteUser" finished-at="2019-04-16T11:26:24Z" duration-ms="3505" status="PASS">
          <params>
            <param index="0">
              <value>
                <![CDATA[DeleteUser]]>
              </value>
            </param>
            <param index="1">
              <value>
                <![CDATA[zz_nase3]]>
              </value>
            </param>
          </params>
          <reporter-output>
          </reporter-output>
        </test-method> <!-- B010_deleteUser -->
        <test-method signature="B010_deleteUser(java.lang.String, java.lang.String)[pri:0, instance:RegressionTest.DataProviderWithExcel_all@459e9125]" started-at="2019-04-16T11:26:24Z" name="B010_deleteUser" data-provider="deleteUser" finished-at="2019-04-16T11:26:28Z" duration-ms="3402" status="PASS">
          <params>
            <param index="0">
              <value>
                <![CDATA[DeleteUser]]>
              </value>
            </param>
            <param index="1">
              <value>
                <![CDATA[zz_nase4]]>
              </value>
            </param>
          </params>
          <reporter-output>
          </reporter-output>
        </test-method> <!-- B010_deleteUser -->
        <test-method signature="B010_deleteUser(java.lang.String, java.lang.String)[pri:0, instance:RegressionTest.DataProviderWithExcel_all@459e9125]" started-at="2019-04-16T11:26:28Z" name="B010_deleteUser" data-provider="deleteUser" finished-at="2019-04-16T11:26:31Z" duration-ms="3326" status="PASS">
          <params>
            <param index="0">
              <value>
                <![CDATA[DeleteUser]]>
              </value>
            </param>
            <param index="1">
              <value>
                <![CDATA[zz_nase5]]>
              </value>
            </param>
          </params>
          <reporter-output>
          </reporter-output>
        </test-method> <!-- B010_deleteUser -->
        <test-method signature="B020_deleteUserMultiSelection(java.lang.String, java.lang.String)[pri:0, instance:RegressionTest.DataProviderWithExcel_all@459e9125]" started-at="2019-04-16T11:26:31Z" name="B020_deleteUserMultiSelection" data-provider="deleteUserMultiSelection" finished-at="2019-04-16T11:26:41Z" duration-ms="9655" status="PASS">
          <params>
            <param index="0">
              <value>
                <![CDATA[DeleteUser(Several)]]>
              </value>
            </param>
            <param index="1">
              <value>
                <![CDATA[zz_nase]]>
              </value>
            </param>
          </params>
          <reporter-output>
          </reporter-output>
        </test-method> <!-- B020_deleteUserMultiSelection -->
        <test-method is-config="true" signature="tearDown()[pri:0, instance:RegressionTest.DataProviderWithExcel_all@459e9125]" started-at="2019-04-16T11:26:41Z" name="tearDown" finished-at="2019-04-16T11:26:42Z" duration-ms="1298" status="PASS">
          <reporter-output>
          </reporter-output>
        </test-method> <!-- tearDown -->
      </class> <!-- RegressionTest.DataProviderWithExcel_all -->
    </test> <!-- ChromeTest -->
  </suite> <!-- All Test Suite -->
</testng-results>
