<?xml version="1.0" encoding="UTF-8"?>
<testsuite xmlns:xsi="http://www.w3.org/2001/XMLSchema-instance" xsi:noNamespaceSchemaLocation="https://maven.apache.org/surefire/maven-surefire-plugin/xsd/surefire-test-report-3.0.xsd" version="3.0" name="TestSuite" time="126.821" tests="23" errors="0" skipped="0" failures="1">
  <properties>
[...]
</properties>
  <testcase name="A002_adduser" classname="RegressionTest.DataProviderWithExcel_all" time="5.161"/>
  <testcase name="A002_adduser" classname="RegressionTest.DataProviderWithExcel_all" time="3.976"/>
  <testcase name="A002_adduser" classname="RegressionTest.DataProviderWithExcel_all" time="3.918"/>
  <testcase name="A002_adduser" classname="RegressionTest.DataProviderWithExcel_all" time="3.892"/>
  <testcase name="A002_adduser" classname="RegressionTest.DataProviderWithExcel_all" time="4.021"/>
  <testcase name="A002_adduser" classname="RegressionTest.DataProviderWithExcel_all" time="3.858"/>
  <testcase name="A002_adduser" classname="RegressionTest.DataProviderWithExcel_all" time="3.94"/>
  <testcase name="A002_adduser" classname="RegressionTest.DataProviderWithExcel_all" time="3.829"/>
  <testcase name="A002_adduser" classname="RegressionTest.DataProviderWithExcel_all" time="3.982"/>
  <testcase name="A010_UpdateUser" classname="RegressionTest.DataProviderWithExcel_all" time="6.566"/>
  <testcase name="A010_UpdateUser" classname="RegressionTest.DataProviderWithExcel_all" time="6.578"/>
  <testcase name="A010_UpdateUser" classname="RegressionTest.DataProviderWithExcel_all" time="6.658"/>
  <testcase name="A010_UpdateUser" classname="RegressionTest.DataProviderWithExcel_all" time="6.704"/>
  <testcase name="A010_UpdateUser" classname="RegressionTest.DataProviderWithExcel_all" time="3.595">
    <failure message="no such element: Unable to locate element: {&quot;method&quot;:&quot;xpath&quot;,&quot;selector&quot;:&quot;//*[@id=&quot;your-profile&quot;]/table[1]/tbody/tr[3]/td/label/input&quot;}&#10;  (Session info: chrome=73.0.3683.103)&#10;  (Driver info: chromedriver=2.45.615279 (12b89733300bd268cff3b78fc76cb8f3a7cc44e5),platform=Linux 4.18.0-17-generic x86_64) (WARNING: The server did not provide any stacktrace information)&#10;Command duration or timeout: 0 milliseconds&#10;For documentation on this error, please visit: https://www.seleniumhq.org/exceptions/no_such_element.html&#10;Build info: version: &apos;3.141.59&apos;, revision: &apos;e82be7d358&apos;, time: &apos;2018-11-14T08:17:03&apos;&#10;System info: host: &apos;aleksander-ThinkPad-T410&apos;, ip: &apos;127.0.1.1&apos;, os.name: &apos;Linux&apos;, os.arch: &apos;amd64&apos;, os.version: &apos;4.18.0-17-generic&apos;, java.version: &apos;10.0.2&apos;&#10;Driver info: org.openqa.selenium.chrome.ChromeDriver&#10;Capabilities {acceptInsecureCerts: false, acceptSslCerts: false, applicationCacheEnabled: false, browserConnectionEnabled: false, browserName: chrome, chrome: {chromedriverVersion: 2.45.615279 (12b89733300bd2..., userDataDir: /tmp/.org.chromium.Chromium...}, cssSelectorsEnabled: true, databaseEnabled: false, goog:chromeOptions: {debuggerAddress: localhost:33601}, handlesAlerts: true, hasTouchScreen: false, javascriptEnabled: true, locationContextEnabled: true, mobileEmulationEnabled: false, nativeEvents: true, networkConnectionEnabled: false, pageLoadStrategy: normal, platform: LINUX, platformName: LINUX, proxy: Proxy(), rotatable: false, setWindowRect: true, strictFileInteractability: false, takesHeapSnapshot: true, takesScreenshot: true, timeouts: {implicit: 0, pageLoad: 300000, script: 30000}, unexpectedAlertBehaviour: ignore, unhandledPromptBehavior: ignore, version: 73.0.3683.103, webStorageEnabled: true}&#10;Session ID: 8a0b99a506f250cef73ec135eb0780ce&#10;*** Element info: {Using=xpath, value=//*[@id=&quot;your-profile&quot;]/table[1]/tbody/tr[3]/td/label/input}" type="org.openqa.selenium.NoSuchElementException">org.openqa.selenium.NoSuchElementException: 
no such element: Unable to locate element: {"method":"xpath","selector":"//*[@id="your-profile"]/table[1]/tbody/tr[3]/td/label/input"}
  (Session info: chrome=73.0.3683.103)
  (Driver info: chromedriver=2.45.615279 (12b89733300bd268cff3b78fc76cb8f3a7cc44e5),platform=Linux 4.18.0-17-generic x86_64) (WARNING: The server did not provide any stacktrace information)
Command duration or timeout: 0 milliseconds
For documentation on this error, please visit: https://www.seleniumhq.org/exceptions/no_such_element.html
Build info: version: '3.141.59', revision: 'e82be7d358', time: '2018-11-14T08:17:03'
System info: host: 'aleksander-ThinkPad-T410', ip: '127.0.1.1', os.name: 'Linux', os.arch: 'amd64', os.version: '4.18.0-17-generic', java.version: '10.0.2'
Driver info: org.openqa.selenium.chrome.ChromeDriver
Capabilities {acceptInsecureCerts: false, acceptSslCerts: false, applicationCacheEnabled: false, browserConnectionEnabled: false, browserName: chrome, chrome: {chromedriverVersion: 2.45.615279 (12b89733300bd2..., userDataDir: /tmp/.org.chromium.Chromium...}, cssSelectorsEnabled: true, databaseEnabled: false, goog:chromeOptions: {debuggerAddress: localhost:33601}, handlesAlerts: true, hasTouchScreen: false, javascriptEnabled: true, locationContextEnabled: true, mobileEmulationEnabled: false, nativeEvents: true, networkConnectionEnabled: false, pageLoadStrategy: normal, platform: LINUX, platformName: LINUX, proxy: Proxy(), rotatable: false, setWindowRect: true, strictFileInteractability: false, takesHeapSnapshot: true, takesScreenshot: true, timeouts: {implicit: 0, pageLoad: 300000, script: 30000}, unexpectedAlertBehaviour: ignore, unhandledPromptBehavior: ignore, version: 73.0.3683.103, webStorageEnabled: true}
Session ID: 8a0b99a506f250cef73ec135eb0780ce
*** Element info: {Using=xpath, value=//*[@id="your-profile"]/table[1]/tbody/tr[3]/td/label/input}
	at RegressionTest.DataProviderWithExcel_all.A010_UpdateUser(DataProviderWithExcel_all.java:164)
</failure>
    <system-out><![CDATA[Aufzählen der Farbwerte: StandardAufzählen der Farbwerte: HellAufzählen der Farbwerte: BlauAufzählen der Farbwerte: KaffeeAufzählen der Farbwerte: EktoplasmaAufzählen der Farbwerte: Mitternacht]]></system-out>
  </testcase>
  <testcase name="A010_UpdateUser" classname="RegressionTest.DataProviderWithExcel_all" time="7.214"/>
  <testcase name="A010_UpdateUser" classname="RegressionTest.DataProviderWithExcel_all" time="7.493"/>
  <testcase name="A010_UpdateUser" classname="RegressionTest.DataProviderWithExcel_all" time="7.821"/>
  <testcase name="B010_deleteUser" classname="RegressionTest.DataProviderWithExcel_all" time="3.619"/>
  <testcase name="B010_deleteUser" classname="RegressionTest.DataProviderWithExcel_all" time="3.418"/>
  <testcase name="B010_deleteUser" classname="RegressionTest.DataProviderWithExcel_all" time="3.506"/>
  <testcase name="B010_deleteUser" classname="RegressionTest.DataProviderWithExcel_all" time="3.402"/>
  <testcase name="B010_deleteUser" classname="RegressionTest.DataProviderWithExcel_all" time="3.327"/>
  <testcase name="B020_deleteUserMultiSelection" classname="RegressionTest.DataProviderWithExcel_all" time="9.655"/>
</testsuite>