<?xml version="1.0" encoding="UTF-8"?>
<testng-results skipped="0" failed="0" total="2" passed="2">
  <reporter-output>
  </reporter-output>
  <suite name="All Test Suite" duration-ms="153628" started-at="2019-03-12T12:48:20Z" finished-at="2019-03-12T12:50:54Z">
    <groups>
    </groups>
    <test name="OperaTest" duration-ms="153628" started-at="2019-03-12T12:48:20Z" finished-at="2019-03-12T12:50:54Z">
      <class name="example.modifyUser">
        <test-method status="PASS" signature="setUp(java.lang.String, java.lang.String, java.lang.String, java.lang.String)[pri:0, instance:example.modifyUser@6e75aa0d]" name="setUp" is-config="true" duration-ms="15267" started-at="2019-03-12T13:48:20Z" finished-at="2019-03-12T13:48:36Z">
          <params>
            <param index="0">
              <value>
                <![CDATA[opera]]>
              </value>
            </param>
            <param index="1">
              <value>
                <![CDATA[http://localhost/wordpress]]>
              </value>
            </param>
            <param index="2">
              <value>
                <![CDATA[admin]]>
              </value>
            </param>
            <param index="3">
              <value>
                <![CDATA[!NCS2019]]>
              </value>
            </param>
          </params>
          <reporter-output>
          </reporter-output>
        </test-method> <!-- setUp -->
        <test-method status="PASS" signature="A002_ChangeRoleforUser(java.lang.String, java.lang.String, java.lang.String, java.lang.String, java.lang.String, java.lang.String, java.lang.String, java.lang.String, java.lang.String, java.lang.String, java.lang.String, java.lang.String, java.lang.String, java.lang.String, java.lang.String, java.lang.String)[pri:0, instance:example.modifyUser@6e75aa0d]" name="A002_ChangeRoleforUser" duration-ms="105098" started-at="2019-03-12T13:48:37Z" data-provider="changeRoleforUser" finished-at="2019-03-12T13:50:22Z">
          <params>
            <param index="0">
              <value>
                <![CDATA[modifyUser_zz_nase1]]>
              </value>
            </param>
            <param index="1">
              <value>
                <![CDATA[zz_nase1]]>
              </value>
            </param>
            <param index="2">
              <value>
                <![CDATA[ja]]>
              </value>
            </param>
            <param index="3">
              <value>
                <![CDATA[Hell]]>
              </value>
            </param>
            <param index="4">
              <value>
                <![CDATA[ja]]>
              </value>
            </param>
            <param index="5">
              <value>
                <![CDATA[ja]]>
              </value>
            </param>
            <param index="6">
              <value>
                <![CDATA[English]]>
              </value>
            </param>
            <param index="7">
              <value>
                <![CDATA[test1]]>
              </value>
            </param>
            <param index="8">
              <value>
                <![CDATA[Abonnent]]>
              </value>
            </param>
            <param index="9">
              <value>
                <![CDATA[Nase1]]>
              </value>
            </param>
            <param index="10">
              <value>
                <![CDATA[AZ]]>
              </value>
            </param>
            <param index="11">
              <value>
                <![CDATA[Nase1AZ]]>
              </value>
            </param>
            <param index="12">
              <value>
                <![CDATA[Nase1AZ@emailgibtesnicht.de]]>
              </value>
            </param>
            <param index="13">
              <value>
                <![CDATA[www.Nase1AZ.de]]>
              </value>
            </param>
            <param index="14">
              <value>
                <![CDATA[Ich bin Tester]]>
              </value>
            </param>
            <param index="15">
              <value>
                <![CDATA[nase11]]>
              </value>
            </param>
          </params>
          <reporter-output>
          </reporter-output>
        </test-method> <!-- A002_ChangeRoleforUser -->
        <test-method status="PASS" signature="A002_ChangeRoleforUser(java.lang.String, java.lang.String, java.lang.String, java.lang.String, java.lang.String, java.lang.String, java.lang.String, java.lang.String, java.lang.String, java.lang.String, java.lang.String, java.lang.String, java.lang.String, java.lang.String, java.lang.String, java.lang.String)[pri:0, instance:example.modifyUser@6e75aa0d]" name="A002_ChangeRoleforUser" duration-ms="29119" started-at="2019-03-12T13:50:22Z" data-provider="changeRoleforUser" finished-at="2019-03-12T13:50:51Z">
          <params>
            <param index="0">
              <value>
                <![CDATA[modifyUser_zz_nase2]]>
              </value>
            </param>
            <param index="1">
              <value>
                <![CDATA[zz_nase2]]>
              </value>
            </param>
            <param index="2">
              <value>
                <![CDATA[nein]]>
              </value>
            </param>
            <param index="3">
              <value>
                <![CDATA[Blau]]>
              </value>
            </param>
            <param index="4">
              <value>
                <![CDATA[nein]]>
              </value>
            </param>
            <param index="5">
              <value>
                <![CDATA[nein]]>
              </value>
            </param>
            <param index="6">
              <value>
                <![CDATA[Deutsch]]>
              </value>
            </param>
            <param index="7">
              <value>
                <![CDATA[nothing to do ]]>
              </value>
            </param>
            <param index="8">
              <value>
                <![CDATA[Mitarbeiter]]>
              </value>
            </param>
            <param index="9">
              <value>
                <![CDATA[Nase2]]>
              </value>
            </param>
            <param index="10">
              <value>
                <![CDATA[AZ]]>
              </value>
            </param>
            <param index="11">
              <value>
                <![CDATA[Nase2AZ]]>
              </value>
            </param>
            <param index="12">
              <value>
                <![CDATA[Nase2AZ@emailgibtesnicht.de]]>
              </value>
            </param>
            <param index="13">
              <value>
                <![CDATA[www.Nase2AZ.de]]>
              </value>
            </param>
            <param index="14">
              <value>
                <![CDATA[1234567ggggggggggggggggggggggggggggggggggggggggggghhhhhhhhhhhhhhhhhhhhhhhhhhhhhhhhhhhhhhhhhhhhhhhhhhhhhhhhhhhhhhhhhhhhhhhhhhhhhhhhhhhhhhhhhhhhhhhhhhhhhhhhhhhhhhhhhhhhhhhhhh]]>
              </value>
            </param>
            <param index="15">
              <value>
                <![CDATA[Nase2AZ]]>
              </value>
            </param>
          </params>
          <reporter-output>
          </reporter-output>
        </test-method> <!-- A002_ChangeRoleforUser -->
        <test-method status="PASS" signature="tearDown()[pri:0, instance:example.modifyUser@6e75aa0d]" name="tearDown" is-config="true" duration-ms="2599" started-at="2019-03-12T13:50:51Z" finished-at="2019-03-12T13:50:54Z">
          <reporter-output>
          </reporter-output>
        </test-method> <!-- tearDown -->
      </class> <!-- example.modifyUser -->
    </test> <!-- OperaTest -->
  </suite> <!-- All Test Suite -->
</testng-results>
