<?xml version="1.0" encoding="UTF-8"?>
<!-- Generated by org.testng.reporters.JUnitXMLReporter -->
<testsuite hostname="aleksander-ThinkPad-T410" failures="6" tests="8" name="OperaTest" time="263.725" errors="0" timestamp="12 Apr 2019 06:59:21 GMT">
  <testcase classname="RegressionTest.DataProviderWithExcel_all" name="A002_adduser" time="1.224">
    <skipped/>
  </testcase> <!-- A002_adduser -->
  <testcase classname="RegressionTest.DataProviderWithExcel_all" name="A010_UpdateUser" time="0.61">
    <skipped/>
  </testcase> <!-- A010_UpdateUser -->
  <testcase classname="RegressionTest.DataProviderWithExcel_all" name="B010_deleteUser" time="100.104">
    <failure type="java.lang.AssertionError" message="user not found">
      <![CDATA[java.lang.AssertionError: user not found
	at RegressionTest.DataProviderWithExcel_all.B010_deleteUser(DataProviderWithExcel_all.java:237)
... Removed 24 stack frames]]>
    </failure>
  </testcase> <!-- B010_deleteUser -->
  <testcase classname="RegressionTest.DataProviderWithExcel_all" name="B010_deleteUser" time="38.394">
    <failure type="java.lang.AssertionError" message="user not found">
      <![CDATA[java.lang.AssertionError: user not found
	at RegressionTest.DataProviderWithExcel_all.B010_deleteUser(DataProviderWithExcel_all.java:237)
... Removed 24 stack frames]]>
    </failure>
  </testcase> <!-- B010_deleteUser -->
  <testcase classname="RegressionTest.DataProviderWithExcel_all" name="B010_deleteUser" time="5.844">
    <failure type="java.lang.AssertionError" message="user not found">
      <![CDATA[java.lang.AssertionError: user not found
	at RegressionTest.DataProviderWithExcel_all.B010_deleteUser(DataProviderWithExcel_all.java:237)
... Removed 24 stack frames]]>
    </failure>
  </testcase> <!-- B010_deleteUser -->
  <testcase classname="RegressionTest.DataProviderWithExcel_all" name="B010_deleteUser" time="6.281">
    <failure type="java.lang.AssertionError" message="user not found">
      <![CDATA[java.lang.AssertionError: user not found
	at RegressionTest.DataProviderWithExcel_all.B010_deleteUser(DataProviderWithExcel_all.java:237)
... Removed 24 stack frames]]>
    </failure>
  </testcase> <!-- B010_deleteUser -->
  <testcase classname="RegressionTest.DataProviderWithExcel_all" name="B010_deleteUser" time="4.035">
    <failure type="java.lang.AssertionError" message="user not found">
      <![CDATA[java.lang.AssertionError: user not found
	at RegressionTest.DataProviderWithExcel_all.B010_deleteUser(DataProviderWithExcel_all.java:237)
... Removed 24 stack frames]]>
    </failure>
  </testcase> <!-- B010_deleteUser -->
  <testcase classname="RegressionTest.DataProviderWithExcel_all" name="B020_deleteUserMultiSelection" time="3.979">
    <failure type="java.lang.AssertionError" message="Userzz_nase could not be found.  expected [true] but found [false]">
      <![CDATA[java.lang.AssertionError: Userzz_nase could not be found.  expected [true] but found [false]
	at utilities.DeleteUserMultiSelection.B_0001_SearchUser(DeleteUserMultiSelection.java:45)
	at RegressionTest.DataProviderWithExcel_all.B020_deleteUserMultiSelection(DataProviderWithExcel_all.java:246)
... Removed 26 stack frames]]>
    </failure>
  </testcase> <!-- B020_deleteUserMultiSelection -->
</testsuite> <!-- OperaTest -->
